C51 COMPILER V9.54   FLASH                                                                 04/10/2026 17:39:34 PAGE 1   


C51 COMPILER V9.54, COMPILATION OF MODULE FLASH
OBJECT MODULE PLACED IN .\Objects\flash.obj
COMPILER INVOKED BY: C:\Keil_v5\C51\BIN\C51.EXE src\flash.c LARGE OPTIMIZE(8,SPEED) BROWSE DEBUG OBJECTEXTEND PRINT(.\Li
                    -stings\flash.lst) TABS(2) OBJECT(.\Objects\flash.obj)

line level    source

   1          /***************************************************************************//**
   2          *   @file       Main.c
   3          *   @brief      A96L41x Main  function file 
   4          *   @author     Application Team, ABOV Semiconductor Co., Ltd.
   5          *   @version    V1.00
   6          *   @date       29. MAY. 2020
   7          *
   8          * Copyright(C) 2020, ABOV Semiconductor
   9          * All rights reserved.
  10          *
  11          *   @mainpage   Project : A96L41x (20TSSOP) Timer2 Usage
  12          *   - Introduction: This is a guide program for using A96L41x Timer2.
  13          *
  14          *   @section    Compiler Version
  15          *   - uVision C51 Compiler ( Version 5.13 )
  16          *
  17          *   @section    Configure Option
  18          *   - Code Read Protection :                Disable
  19          *   - Code Write Protection :               Disable
  20          *   - Vector Area (00H~FFH) Protection :    Disable
  21          *   - Select RESETB pin :                   Disable
  22          *
  23          *   @section    Clock Setting
  24          *   - HFIRC OSC/1 (Internal 4Mhz) 
  25          *
  26          *   @section    Project Program Version : V1.00
  27          *   @section    Modify Infomation
  28          *   - V1.00 :    First Start.    
  29          *
  30          *   @section    Caution
  31          *   - Nothing special.
  32          *
  33          *   @section Common
  34          *   - ABOV Semiconductor Co.,Ltd.
  35          *   - URL : <http://www.abovsemi.com>
  36          *
  37          ********************************************************************************
  38          * ABOV Disclaimer
  39          *
  40          *IMPORTANT NOTICE - PLEASE READ CAREFULLY
  41          *ABOV Semiconductor ("ABOV") reserves the right to make changes, corrections, enhancements, 
  42          *modifications, and improvements to ABOV products and/or to this document at any time without notice. 
  43          *ABOV does not give warranties as to the accuracy or completeness of the information included herein.
  44          *Purchasers should obtain the latest relevant information of ABOV products before placing orders. 
  45          *Purchasers are entirely responsible for the choice, selection, and use of ABOV products and 
  46          *ABOV assumes no liability for application assistance or the design of purchasers' products. No license, 
  47          *express or implied, to any intellectual property rights is granted by ABOV herein. 
  48          *ABOV disclaims all express and implied warranties and shall not be responsible or
  49          *liable for any injuries or damages related to use of ABOV products in such unauthorized applications. 
  50          *ABOV and the ABOV logo are trademarks of ABOV.
  51          *All other product or service names are the property of their respective owners. 
  52          *Information in this document supersedes and replaces the information previously
  53          *supplied in any former versions of this document.
  54          *2020 ABOV Semiconductor  All rights reserved
C51 COMPILER V9.54   FLASH                                                                 04/10/2026 17:39:34 PAGE 2   

  55          *
  56          */
  57          /* Includes ------------------------------------------------------------------*/
  58          #include "Intrins.h"
  59          #include "delay.h"     
  60          #include "a96l41x_gpio.h"
  61          #include "a96l41x_clock.h"
  62          
  63          #include "main.h"
  64          #include "flash.h"
  65          #include "audio.h"
  66          
  67          
  68          
  69          
  70          
  71          /**********************************************************************
  72           * @brief   SPI_Receive
  73           * @param     none
  74           * @return  data
  75           **********************************************************************/
  76          uint8_t SPI_Receive(void)
  77          {
  78   1        USTCR2 |= (DRIE);
  79   1        while(!(USTST & (DRE)));
  80   1        USTDR = 0xFF; //Dummy data
  81   1        while(( USTST & RXC)!= RXC);    // Wait Data in
  82   1        return USTDR;
  83   1      }
  84          
  85          
  86          
  87          /**********************************************************************
  88           * @brief   SPI_Send
  89           * @param     data
  90           * @return  None
  91           **********************************************************************/
  92           void SPI_Send(uint8_t value)
  93          {
  94   1        USTCR2 |= (DRIE);
  95   1        while(!(USTST & (DRE)));
  96   1          USTDR = value;
  97   1        
  98   1         while((USTST & RXC) != RXC);   // ŔüĽŰ żĎ·á±îÁö ´ë±â (Ăß°ˇ)
  99   1         (void)USTDR;                    // Ľö˝Ĺ ąöĆŰ ´őąĚ ŔĐ±â·Î RXC Ĺ¬¸®ľî (Ăß°ˇ)
*** WARNING C275 IN LINE 99 OF src\flash.c: expression with possibly no effect
 100   1        
 101   1      }
 102          
 103          
 104          #if 0
              /**********************************************************************
               * @brief   SPI_Transfer
               * @param     data
               * @return  None
               **********************************************************************/
              uint8_t SPI_Transfer(uint8_t value)
              {
                uint16_t wait;
              
                wait= 0x1000;
                USTCR2 |= (DRIE);
C51 COMPILER V9.54   FLASH                                                                 04/10/2026 17:39:34 PAGE 3   

                while((!(USTST & (DRE)))&&(wait--));
                wait= 0x1000;
                USTDR = value;
                while((( USTST & RXC)!= RXC)&&(wait--));    // Wait Data in
                
                    /* Ĺ¸ŔÓľĆżô ĂĽĹ©: ·çÇÁ Ĺ»Ăâ ČÄ RXC°ˇ ˝ÇÁ¦·Î ĽĽĆ®µĆ´ÂÁö Č®ŔÎ */
                  if((USTST & RXC) != RXC){
                      return 0xFF;    // Ĺ¸ŔÓľĆżô ˝Ă żŔ·ů°Ş ąÝČŻ (Ăß°ˇ)
                  }
                return USTDR;
              }
              #endif
 128          
 129          /**********************************************************************
 130           * @brief   SPI_Transfer
 131           * @param     data
 132           * @return  None
 133           **********************************************************************/
 134          uint8_t SPI_Transfer(uint8_t value)
 135          {
 136   1        uint16_t wait;
 137   1      
 138   1        wait= 0x1000;
 139   1        //USTCR2 |= (DRIE);
 140   1        while((!(USTST & (DRE)))&&(wait--));
 141   1        wait= 0x1000;
 142   1        USTDR = value;
 143   1        while((( USTST & RXC)!= RXC)&&(wait--));    // Wait Data in
 144   1      
 145   1            /* Ĺ¸ŔÓľĆżô ĂĽĹ©: RXC°ˇ ˝ÇÁ¦·Î ĽĽĆ®µĆ´ÂÁö Č®ŔÎ */
 146   1          if((USTST & RXC) != RXC)
 147   1              return 0xFF;    // Ĺ¸ŔÓľĆżô ˝Ă żŔ·ů°Ş ąÝČŻ
 148   1      
 149   1          return USTDR;
 150   1          
 151   1      }
 152          
 153          
 154          
 155          #if 0
              
              /**********************************************************************
               * @brief   Get_Identification
               * @param     None
               * @return  None
               **********************************************************************/
              void Get_Identification(uint8_t * id)
              {
                SLAVESELECT;
                SPI_Transfer(COMMAND_RDID);
                id[0] = SPI_Transfer(DUMMY);
                id[1] = SPI_Transfer(DUMMY);
                id[2] = SPI_Transfer(DUMMY);
                SLAVEDESELECT;
              }
              
              uint8_t GetStatus(void)
              {
                uint8_t status;
                SLAVESELECT;
                SPI_Transfer(COMMAND_RDSR);
                status = SPI_Transfer(DUMMY);
C51 COMPILER V9.54   FLASH                                                                 04/10/2026 17:39:34 PAGE 4   

                SLAVEDESELECT;
                return status;
              }
              
              void SetAddress(unsigned long address)
              {
                SPI_Transfer( (uint8_t) (address >> 16) );
                SPI_Transfer( (uint8_t) (address >> 8) );
                SPI_Transfer( (uint8_t) address );
              }
              
              void Read(unsigned long  address, char * value, uint16_t  length)
              {
                uint16_t i;
                
                SLAVESELECT;
                SPI_Transfer(COMMAND_READ);
                SetAddress(address);
                for(i = 0;i < length;i ++)
                {
                  *(value + i) = SPI_Transfer(DUMMY);
                }
                SLAVEDESELECT;
                //while(GetStatus() & STATUS_WIP);
              }
              
              
              
              void FastRead(unsigned long address, char * value, uint16_t length)
              {
                uint16_t i;
              
                SLAVESELECT;
                SPI_Transfer(COMMAND_READ);
                SetAddress(address);
                SPI_Transfer(DUMMY);
                for(i = 0;i < length;i ++)
                {
                  *(value + i) = SPI_Transfer(DUMMY);
                }
                SLAVEDESELECT;
                //while(GetStatus() & STATUS_WIP);
              }
              #endif 
 222          
 223          
 224          
 225          /**********************************************************************
 226           * @brief   Get_Identification
 227           * @param     None
 228           * @return  None
 229           **********************************************************************/
 230          void Get_Identification(uint8_t * id)
 231          {
 232   1        uint8_t i;
 233   1        
 234   1        SLAVESELECT;
 235   1        for(i=0;i<10;i++);
 236   1        SPI_Transfer(COMMAND_RDID);
 237   1        id[0] = SPI_Transfer(DUMMY);
 238   1        id[1] = SPI_Transfer(DUMMY);
 239   1        id[2] = SPI_Transfer(DUMMY);
C51 COMPILER V9.54   FLASH                                                                 04/10/2026 17:39:34 PAGE 5   

 240   1        SLAVEDESELECT;
 241   1      }
 242          
 243          
 244          void SetAddress(unsigned long address)
 245          {
 246   1        SPI_Transfer( (uint8_t) (address >> 16) );
 247   1        SPI_Transfer( (uint8_t) (address >> 8) );
 248   1        SPI_Transfer( (uint8_t) address );
 249   1      }
 250          
 251          #if 0
              void Read_n(unsigned long  address, char * value, uint16_t  length)
              {
                uint16_t i;
                
                SLAVESELECT;
                SPI_Transfer(COMMAND_READ);
                SetAddress(address);
                for(i = 0;i < length;i ++)
                {
                  *(value + i) = SPI_Receive();
                }
                SLAVEDESELECT;
                //while(GetStatus() & STATUS_WIP);
              }
              #endif
 267          
 268          
 269          void Read_v(unsigned long  address, char * value)
 270          {
 271   1        
 272   1        SLAVESELECT;
 273   1        
 274   1        SPI_Transfer(COMMAND_READ);
 275   1        SPI_Transfer( (uint8_t) (address >> 16) );
 276   1        SPI_Transfer( (uint8_t) (address >> 8) );
 277   1        SPI_Transfer( (uint8_t) address );
 278   1        *(value) = SPI_Transfer(DUMMY);
 279   1        
 280   1        SLAVEDESELECT;  
 281   1      }
 282          
 283          
 284          void Read(unsigned long  address)
 285          {
 286   1        
 287   1        SLAVESELECT;
 288   1      
 289   1        SPI_Transfer(COMMAND_READ);     // command_read
 290   1        SetAddress(address);
 291   1        //*(value) = SPI_Receive();
 292   1      }
 293          
 294          
 295          void Read_c( char * value)
 296          {
 297   1      
 298   1        *(value) = SPI_Receive();
 299   1      }
 300          
 301          
C51 COMPILER V9.54   FLASH                                                                 04/10/2026 17:39:34 PAGE 6   

 302          
 303          void FastRead(unsigned long address, char * value, uint16_t length)
 304          {
 305   1        uint8_t i;
 306   1      
 307   1        SLAVESELECT;
 308   1        for(i=0;i<10;i++);
 309   1      
 310   1        SPI_Send(COMMAND_READ);
 311   1        SetAddress(address);
 312   1        SPI_Send(DUMMY);
 313   1        for(i = 0;i < length;i ++)
 314   1        {
 315   2          *(value + i) = SPI_Receive();
 316   2        }
 317   1        SLAVEDESELECT;
 318   1      }
 319          
 320          
 321          void Read_(unsigned long  address, char * value)
 322          {
 323   1        //uint16_t i;
 324   1        
 325   1        SLAVESELECT;
 326   1        SPI_Transfer(COMMAND_READ);
 327   1        SetAddress(address);
 328   1        *(value) = SPI_Receive();
 329   1        SLAVEDESELECT;
 330   1      }
 331          
 332          
 333          


MODULE INFORMATION:   STATIC OVERLAYABLE
   CODE SIZE        =    535    ----
   CONSTANT SIZE    =   ----    ----
   XDATA SIZE       =   ----      35
   PDATA SIZE       =   ----    ----
   DATA SIZE        =   ----    ----
   IDATA SIZE       =   ----    ----
   BIT SIZE         =   ----    ----
END OF MODULE INFORMATION.


C51 COMPILATION COMPLETE.  1 WARNING(S),  0 ERROR(S)
