C51 COMPILER V9.54   MAIN                                                                  04/21/2026 18:38:49 PAGE 1   


C51 COMPILER V9.54, COMPILATION OF MODULE MAIN
OBJECT MODULE PLACED IN .\Objects\main.obj
COMPILER INVOKED BY: C:\Keil_v5\C51\BIN\C51.EXE src\main.c LARGE OPTIMIZE(8,SPEED) BROWSE DEBUG OBJECTEXTEND PRINT(.\Lis
                    -tings\main.lst) TABS(2) OBJECT(.\Objects\main.obj)

line level    source

   1          /***************************************************************************//**
   2          *   @file       Main.c
   3          *   @brief      A96L41x Main  function file 
   4          *   @author     Application Team, ABOV Semiconductor Co., Ltd.
   5          *   @version    V1.00
   6          *   @date       29. MAY. 2020
   7          *
   8          * Copyright(C) 2019, ABOV Semiconductor
   9          * All rights reserved.
  10          *
  11          *   @mainpage   Project : A96L41x (20TSSOP) 
  12          *   - Introduction: This is a guide program for using A96L41x .
  13          *
  14          *   @section    Compiler Version
  15          *   - uVision C51 Compiler ( Version 5.13 )
  16          *
  17          *   @section    Configure Option
  18          *   - Code Read Protection :                Disable
  19          *   - Code Write Protection :               Disable
  20          *   - Vector Area (00H~FFH) Protection :    Disable
  21          *   - Select RESETB pin :                   Disable
  22          *
  23          *   @section    Clock Setting
  24          *   - HFIRC OSC/1 (Internal 4Mhz) 
  25          *
  26          *   @section    Project Program Version : V1.00
  27          *   @section    Modify Infomation
  28          *   - V1.00 :    First Start.    
  29          *
  30          *   @section    Caution
  31          *   - Nothing special.
  32          *
  33          *   @section Common
  34          *   - ABOV Semiconductor Co.,Ltd.
  35          *   - URL : <http://www.abovsemi.com>
  36          *
  37          ********************************************************************************
  38          * ABOV Disclaimer
  39          *
  40          *IMPORTANT NOTICE - PLEASE READ CAREFULLY
  41          *ABOV Semiconductor ("ABOV") reserves the right to make changes, corrections, enhancements, 
  42          *modifications, and improvements to ABOV products and/or to this document at any time without notice. 
  43          *ABOV does not give warranties as to the accuracy or completeness of the information included herein.
  44          *Purchasers should obtain the latest relevant information of ABOV products before placing orders. 
  45          *Purchasers are entirely responsible for the choice, selection, and use of ABOV products and 
  46          *ABOV assumes no liability for application assistance or the design of purchasers' products. No license, 
  47          *express or implied, to any intellectual property rights is granted by ABOV herein. 
  48          *ABOV disclaims all express and implied warranties and shall not be responsible or
  49          *liable for any injuries or damages related to use of ABOV products in such unauthorized applications. 
  50          *ABOV and the ABOV logo are trademarks of ABOV.
  51          *All other product or service names are the property of their respective owners. 
  52          *Information in this document supersedes and replaces the information previously
  53          *supplied in any former versions of this document.
  54          *2020 ABOV Semiconductor  All rights reserved
C51 COMPILER V9.54   MAIN                                                                  04/21/2026 18:38:49 PAGE 2   

  55          *
  56          */
  57          
  58          
  59          
  60          /* Includes ------------------------------------------------------------------*/
  61          #include    "Intrins.h"
  62          #include    "delay.h"     //
  63          #include "a96l41x_gpio.h"
  64          #include "a96l41x_clock.h"
  65          
  66          #include "a96l41x_adc.h"
  67          #include "a96l41x_opamp.h"
  68          #include "a96l41x_usart.h"
  69          
  70          #include "a96l41x_usart_spi.h"
  71          #include "a96l41x_timer0.h"
  72          #include "a96l41x_timer1.h"
  73          #include "a96l41x_timer2.h"
  74          
  75          
  76          #include "main.h"
  77          #include "audio.h"
  78          #include "flash.h"
  79          
  80          
  81          /* Private Pre-processor Definition & Macro ----------------------------------*/
  82          /* Private Typedef -----------------------------------------------------------*/
  83          /* Private Variable ----------------------------------------------------------*/
  84          
  85          //////////////////////////////////////////////////////////////////////////////////////////////////////////
             -////////////////////////////////////////////////////////////////////////////////////////////////////////////////////////
             -////////////////////////////////////////////////////////////////////////////////////////////////////////////////////////
             -////////////////////////////////////////////////////////////////////////////////////////////////////////////////////////
             -////////////////////////////////////////////////////////////////////////////////////////////////////////////////////////
             -//////////////////////////////////////////////////////
  86          
  87          
  88          ////////////////Start  오디오 변수//////////// 
  89          // Audio Data : 8000bps , 8bit 
  90          uint16_t Audio_length;
  91          uint16_t Audio_addr;
  92          uint8_t Audio_start_address;
  93          uint16_t Audio_max_length;
  94          /* [BUG-06 FIX] Duplicate declaration removed - SystemStatus already declared at line 168 */
  95          /* BEFORE: uint8_t SystemStatus; */
  96          /* uint8_t SystemStatus; */
  97          
  98          uint8_t EM_AL_Status = 0;
  99          uint8_t Audio_start =0;
 100          
 101          uint16_t  Audio1_Address  = 0x0;
 102          uint16_t  Audio1_length  = 10801;
 103          uint8_t  Audio1_runtime  = 1;
 104          uint16_t  Audio2_Address  = 0x2baa;
 105          uint16_t  Audio2_length  = 21478;
 106          uint8_t  Audio2_runtime  = 1;
 107          uint16_t  Audio3_Address  = 0x8108;
 108          uint16_t  Audio3_length  = 24324;
 109          uint8_t  Audio3_runtime  = 1;
 110          ////////////////End  오디오 변수//////////// 
 111          
C51 COMPILER V9.54   MAIN                                                                  04/21/2026 18:38:49 PAGE 3   

 112          ////////////////Start  Debug용 uart text//////////// 
 113          uint8_t Dust_MODE[10] = "Dust_MODE:";
 114          uint8_t Visu_MODE[10] = "Visu_MODE:";
 115          uint8_t Temp_MODE[10] = "Temp_MODE:";
 116          
 117          uint8_t ADC[4] = "ADC:";
 118          uint8_t CHR[4] = "CHR:";
 119          uint8_t INF[4] = "INF:";
 120          
 121          uint8_t Dust[5] = "Dust:";
 122          uint8_t Dust_ori[7] = "Dust_O:";
 123          uint8_t Dust_avr[7] = "Dust_A:";
 124          uint8_t Temp[5] = "Temp:";
 125          uint8_t Bat[4] = "Bat:";
 126          uint8_t Tab[4] = "    ";
 127          uint8_t End[4] = "\n\r";
 128          uint8_t int_val ;
 129          uint16_t tmp ;
 130          
 131          uint8_t opamp1[5] = "OPA1:";
 132          uint8_t opamp2[5] = "OPA2:";
 133          
 134          uint8_t Avr[9] = "Average: ";
 135          
 136          uint8_t Dust_Si_Off[7] = "Si_Off:";
 137          uint8_t Dust_Si_On[6] = "Si_On:";
 138          uint8_t Dust_Si_Deta[6] = "Si_Da:";
 139          
 140          uint8_t Dust_Du_Off[7] = "Du_Off:";
 141          uint8_t Dust_Du_On[6] = "Du_On:";
 142          uint8_t Dust_Du_Deta[6] = "Si_Da:";
 143          ////////////////End  Debug용 uart text//////////// 
 144          
 145          ////////////////Start  시스템 상태 변수 //////////// 
 146          uint8_t deviceID[3];
 147          uint8_t SystemStatus;
 148          
 149          uint8_t  SYS_mode , ADC_mode , Bat_mode;
 150          
 151          #define Dust_mode   1
 152          #define Temp_mode 2
 153          
 154          #define Normal_mode 1
 155          #define UART_mode   2
 156          #define In_Fire_al_mode   3
 157          #define Ex_Fire_al_mode   4
 158          #define Al_Stop_mode    6
 159          
 160          
 161          #define Bat_High_mode   1
 162          #define Bat_Low_mode    2
 163          
 164          uint8_t visual_type = 0;  //시각형 type
 165          
 166          
 167          uint16_t system_count = 0;
 168          uint16_t adc_time = 8 * 5;  // adc time , 0.192초 주기
 169          uint16_t ck_led_time  = 56 * 5  + 12; // 8 * 7 초 , , 0.192초 주기 > 0.192 * 5* 56  = 53.7  -> 2.3초 모자름
             - : 0.192 * 12 더해줌
 170          uint16_t Bat_al_time  = 280  * 5  + 58 ;  // 280 초 , , 0.192초 주기  -> 0.192 * 5* 280  = 268.8  -> 11.2초 
             -모자름 : 0.192 * 58 더해줌  
 171          ////////////////End  시스템 상태 변수//////////// 
C51 COMPILER V9.54   MAIN                                                                  04/21/2026 18:38:49 PAGE 4   

 172          
 173          ////////////////Start  ADC 변수 //////////// 
 174          
 175          #define  ADC_BUFFER_SIZE 8
 176          uint16_t ADC_temp_data[ADC_BUFFER_SIZE];
 177          
 178          uint16_t ADC1_Bat_Val;
 179          uint16_t ADC1_On_Dust_Val;
 180          uint16_t ADC1_Off_Dust_Val;
 181          
 182          ////////////////End  ADC 변수 //////////// 
 183          
 184          
 185          ////////////////Start  debug 변수 //////////// 
 186          //초기 디버그 진입 모드 선택
 187          
 188          #define Debug_On  1
 189          #define Debug_Off 0
 190          
 191          uint8_t  uart_debug_mode = Debug_Off ;  // 연기 감지시  uart출력 설정 , 양산시 미적용
 192          uint8_t  start_uart_debug_mode = Debug_On ; //전원 인가시 연동 버튼을 누르면 uart 모드로 adc 출력하는 모드
             - ,  양산시 미적용
 193          //uint8_t  start_uart_debug = 0 ;
 194          
 195          ////////////////End  debug 변수 //////////// 
 196          
 197          /* Public Variable -----------------------------------------------------------*/
 198          /* Public Function -----------------------------------------------------------*/
 199          
 200          /**********************************************************************
 201           * @brief   Main program
 202           * @param     None
 203           * @return      None
 204           **********************************************************************/
 205          void Main(void)
 206          {
 207   1        
 208   1      
 209   1        LDO_OFF;
 210   1        FLASH_OFF;
 211   1        AUDIO_OFF;
 212   1        system_count = 0;
 213   1        
 214   1        hw_initial_Wait(10);
 215   1        
 216   1        LED_G_ON;
 217   1        Delay_ms(5);    
 218   1        LED_G_OFF;
 219   1        
 220   1        LED_R_ON;
 221   1        Delay_ms(5);    
 222   1        LED_R_OFF;  
 223   1        
 224   1        
 225   1        Port_SetInputpin(PORT1, PIN2, 1);  //key input & mode0  -> button input , 초기 눌려 있으면 UART mode
 226   1        Delay_ms(10);   
 227   1        
 228   1        ADC_mode = Temp_mode;
 229   1        
 230   1          /* 시작시 uart 출력 모드  */
 231   1        if(start_uart_debug_mode == Debug_On){
 232   2          
C51 COMPILER V9.54   MAIN                                                                  04/21/2026 18:38:49 PAGE 5   

 233   2          if(Port_GetInputpinValue(PORT1, PIN2)  == 0){
 234   3              SYS_mode = UART_mode;
 235   3            }
 236   2            else{
 237   3              SYS_mode = Normal_mode;
 238   3            }
 239   2            
 240   2            LED_G_ON;
 241   2            Delay_ms(5);  
 242   2            LED_G_OFF;
 243   2            
 244   2            // 연동 key 풀릴때까지 대기 
 245   2            if(SYS_mode == UART_mode){
 246   3                while(1){
 247   4                  LED_G_ON;
 248   4                  if(Port_GetInputpinValue(PORT1, PIN2)  == 1){
 249   5                    break;
 250   5                  }
 251   4                }
 252   3                
 253   3                LED_G_OFF;
 254   3                
 255   3                //UART mode 동작 
 256   3            //    Uart_Set();
 257   3                
 258   3                while(1){
 259   4          
 260   4                  LED_R_ON;
 261   4                
 262   4                  Uart_Out();
 263   4                  
 264   4                  Delay_ms(250);  
 265   4                  LED_R_OFF;
 266   4                  Delay_ms(250);  
 267   4                }
 268   3      
 269   3          }
 270   2        }
 271   1        
 272   1        while(1)
 273   1        {
 274   2          
 275   2          
 276   2          if(system_count%adc_time == 0){
 277   3            
 278   3            hw_initial_Wait(1);
 279   3            
 280   3            LED_G_ON;
 281   3            
 282   3            Delay_ms(5);
 283   3            
 284   3            LED_G_OFF;
 285   3            
 286   3            hw_initial_Wait(1);
 287   3            
 288   3            system_count = 0;
 289   3          }
 290   2          
 291   2          system_count++;
 292   2      
 293   2          
 294   2          // 와치독 타이머 
C51 COMPILER V9.54   MAIN                                                                  04/21/2026 18:38:49 PAGE 6   

 295   2          BeforeStop();
 296   2          GLOBAL_INTERRUPT_EN();  
 297   2          Stop();
 298   2          AfterStop();
 299   2            
 300   2        }
 301   1      
 302   1      }
 303          
 304          ////////////////Start  딜레이 변수 //////////// 
 305          
 306          /**********************************************************************
 307           * @brief   Delay_ms
 308           * @param     None
 309           * @return  None
 310           **********************************************************************/
 311          void Delay_ms(uint16_t msec)
 312          {
 313   1      
 314   1        int i;
 315   1        
 316   1        for(i=0;i<msec;i++){
 317   2          NOP_20us_Delay(50);
 318   2        }
 319   1      
 320   1      }
 321          
 322          /**********************************************************************
 323           * @brief   Delay_s
 324           * @param     None
 325           * @return  None
 326           **********************************************************************/
 327          void Delay_s(uint16_t sec)
 328          {
 329   1      
 330   1        int i;
 331   1        
 332   1        for(i=0;i<sec;i++){
 333   2          NOP_20us_Delay(50000);
 334   2        }
 335   1      
 336   1      }
 337          
 338          ////////////////End  딜레이 변수 //////////// 
 339          
 340            
 341          ////////////////Start  시스템 초기화  변수 //////////// 
 342          
 343          /**********************************************************************
 344           * @brief   hw_initial_Wait
 345           * @param     None
 346           * @return  None
 347           **********************************************************************/
 348          // 하드웨어를 초가화 한 후 ms 대기한다. 
 349          void hw_initial_Wait(int msec){
 350   1        
 351   1        GLOBAL_INTERRUPT_DIS();     
 352   1        hw_initial();
 353   1        
 354   1        CVDD_OFF;
 355   1        Port_SetOutputpin(PORT1, PIN3, 0); // CS 핀
 356   1      
C51 COMPILER V9.54   MAIN                                                                  04/21/2026 18:38:49 PAGE 7   

 357   1        Delay_ms(msec);
 358   1        
 359   1          /* Enable INT */
 360   1        GLOBAL_INTERRUPT_EN();  
 361   1        
 362   1      }
 363          
 364          
 365          void hw_initial(void) {
 366   1        
 367   1        // hw_initial() 호출 전 오디오 완전 정지
 368   1        if(Audio_start == 1) {
 369   2            SLAVEDESELECT;      // CS 닫기
 370   2            AUDIO_OFF;          // 앰프 끄기
 371   2            Timer0_Stop();      // PWM 정지
 372   2            Audio_start = 0;
 373   2            Audio_length = 0;
 374   2        }
 375   1      
 376   1        BITCR = 0x60;                                              // BIT cnt cleared, Select 0Bit overflow perio
             -d
 377   1        
 378   1      #ifdef SysClock_1MHZ  
                OSCCR = 0x08;                                            // System clock: 1MHz
              #else 
 381   1        OSCCR = 0x18;                                            // System clock: 4MHz
 382   1                                                                // If 0x00/0x08/0x10/0x18, 0.5MHz/1MHz/2MHz/4MHz
 383   1      #endif
 384   1      
 385   1        RSTFR = 0x00;                                            // Clear all reset flags
 386   1      
 387   1        
 388   1        // Port 0
 389   1        P0 = 0xC0;                      // 0 : Low, 1 : High
 390   1        P0OD = 0x00;                // 0 : Disable, 1 : Enable (Open-drain)
 391   1        P0PU = 0X00;                 // 0 : Disable,  1 : Enable (Pull-up)
 392   1        P0IO = 0xc1;                  // 0 : Input, 1 : Output
 393   1        //P0FSRH = 0x05;                                                          // P[7]: normal I/O, P[5:0]: Am
             -p
 394   1        //P0FSRL = 0x55;
 395   1        P0FSRH  = 0
 396   1          | ( 0 << 6)       //P07     // 0 : I/O (EINT3), 1 : ICS1                  // LED_R        
 397   1          | ( 0 << 4)       //P06     // 0 : I/O (EINT2), 1 : ICS0                  // LED_G
 398   1          | ( 1 << 2)       //P05     // 0 : I/O, 1 : OP0P,                       // SENISNG OP0P
 399   1          | ( 1 << 0);      //P04     // 0 : I/O, 1 : OP0N                          // SENSING OP0N
 400   1          
 401   1        P0FSRL  = 0
 402   1          | ( 1 << 6)       //P03     // 0 : I/O, 1 : OP0OUT,   2 : AN3,      3 : Not used          // SENSING IN ADC 
 403   1          | ( 1 << 4)       //P02     // 0 : I/O, 1 : OP1P,   2 : AN2,      3 : Not used          // 
 404   1          | ( 1 << 2)       //P01     // 0 : I/O (EINT1), 1 : OP1N,  2 : AN1, 3 : Not used        // Not use
 405   1          | ( 0 << 0);      //P00     // 0 : I/O (EINT0), 1 : OP1OUT,   2 : AN0,  3 : Not used      // C_VDD
 406   1          
 407   1        P0DB  = 0
 408   1          | ( 0 << 6)     //DBCLK[1:0]  // 00 : fx (SCLK),  01 : fx/4,  10 : fx/16, 11 : fx/64
 409   1          | ( 0 << 3)     //P07DB   // 0 : Disable, 1 : Enable
 410   1          | ( 0 << 2)     //P06DB   // 0 : Disable, 1 : Enable
 411   1          | ( 0 << 1)     //P10DB   // 0 : Disable, 1 : Enable
 412   1          | ( 0 << 0);    //P00DB   // 0 : Disable, 1 : Enable
 413   1                                                 // Low level
 414   1      
 415   1        // Port 1
 416   1        
C51 COMPILER V9.54   MAIN                                                                  04/21/2026 18:38:49 PAGE 8   

 417   1        P1 = 0x00;                      // 0 : Low, 1 : High                // audio off
 418   1        P1OD = 0x00;                  // 0 : Disable, 1 : Enable (Open-drain)
 419   1        P1PU = 0x04;                  // 0 : Disable, 1 : Enable (Pull-up) // 테스트 스위치 풀업 필요
 420   1        //P1PU = 0x0;                   // 0 : Disable, 1 : Enable (Pull-up)
 421   1        P1IO = 0x32;                  // 0 : Input, 1 : Output
 422   1        
 423   1      
 424   1        //P12DB = 0x00;                     //P1/P2 Debounce disable
 425   1        //P1FSRH = 0x08;                                                          // P1[5]: AN6, others: normal I
             -/O
 426   1        //P1FSRL = 0x00;                                                          // P1[3:0]: Normal I/O
 427   1        P1FSRH  = 0
 428   1          | ( 1 << 2)       //P15  // 0 : I/O,  1 : LDO23,   2 : AN6, 3 : (SDA)           // LDO23
 429   1          | ( 0 << 0);      //P14  // 0 : I/O (EINT11), 1 : T1O/PWM1O,   2 : SCL, 3 : Not used    // /AUD ON
 430   1          
 431   1          P1FSRL  = 0
 432   1          | ( 0 << 6)       //P13  // 0 : I/O (EC1),  1 : (RXD/MISO)              // DSDA
 433   1          | ( 0 << 4)       //P12  // 0 : I/O (EC0),  1 : (TXD/MOSI)                // DSCL
 434   1          | ( 1 << 2)       //P11  // 0 : I/O (EINT10), 1 : T0O/PWM0O             // AUDIO SIG
 435   1          | ( 0 << 0);      //P10  // 0 : I/O,  1 : (SCK)                   // SENSE PW
 436   1      
 437   1          P12DB = 0
 438   1          | ( 0 << 5)     //P21DB   // 0 : Disable, 1 : Enable
 439   1          | ( 0 << 4)     //P20DB   // 0 : Disable, 1 : Enable
 440   1          | ( 0 << 2)     //P14DB   // 0 : Disable, 1 : Enable
 441   1          | ( 0 << 1)     //P11DB   // 0 : Disable, 1 : Enable
 442   1          | ( 0 << 0);      //P10DB   // 0 : Disable, 1 : Enable
 443   1          
 444   1        
 445   1          
 446   1        // Port 2
 447   1        P2 = 0x00;                        // 0 : Low, 1 : High
 448   1        P2OD = 0x00;                    // 0 : Disable, 1 : Enable (Open-drain)
 449   1        P2PU = 0x00;                    // 0 : Disable, 1 : Enable (Pull-up)
 450   1        P2IO = 0x0f;                      // 0 : Input, 1 : Output
 451   1        //P2FSR = 0x00;                      // P2[3:0]: I/O
 452   1        P2FSR   = 0
 453   1          | ( 1 << 6)     // 0 : P23,  1 : TXD/MOSI,  2 : AN5,     3 : Not used         //mosi
 454   1          | ( 1 << 4)     // 0 : P22,  1 : RXD/MISO,  2 : AN4,     3 : Not used         // miso
 455   1          | ( 1 << 2)         // 0 : P21 (EC2),  1 : SCK,   2 : (SCL),     3 : Not used           // sck
 456   1          | ( 0 << 0);        // 0 : P20 (EINT12),  1 : T2O/PWM2O,   2 : SDA,     3 : Not used      // cs 
 457   1      
 458   1      
 459   1      
 460   1        
 461   1          // Timer 0 
 462   1        T0CRL = 0x80;                                                           // Timer 0: fx/4
 463   1        T0CRH = 0x01;                                                           // Timer 0: disable, clear counte
             -r
 464   1        T0ADRH = (unsigned char)(T_USEC>>8);
 465   1        T0ADRL = (unsigned char)(T_USEC&0xff);
 466   1        // Timer 1
 467   1        T1CRL = 0x00
 468   1            |(1<<5);                                                          // Timer 1: if 0/1/2.../7, fx divide
             -d by 2048/512/64/8/4/2/1/EC1
 469   1        T1CRH = 0x81;                                                           // Timer 1: if 0/8, Dis/Enable, c
             -lear counter
 470   1        //T1CRH = 0x01;                                                           // Timer 1: if 0/8, Dis/Enable,
             - clear counter
 471   1        T1ADRH = (unsigned char)(TIME_2S>>8);
 472   1        T1ADRL = (unsigned char)(TIME_2S&0xff);
 473   1      
C51 COMPILER V9.54   MAIN                                                                  04/21/2026 18:38:49 PAGE 9   

 474   1        
 475   1        // Timer 2
 476   1        T2CRL = 0x00;                                            // Timer 2: fx/1
 477   1        T2CRH = 0x00;                                            // Timer 2: Disable, Clear counter
 478   1      
 479   1        // WDT
 480   1        WDTCR = 0x00
 481   1            |(0<<7)                                            // If 0/1, Diable/Enable WDT operation
 482   1            |(0<<6)                                            // If 0/1, "Free running 8-bit timer"/"Reset by WDT"
 483   1            |(1<<5)                                            // If 0/1, "No effect"/"Clear WDT Counter"
 484   1            |(0<<1)                                            // If 0/1/2, Select WDT Clock as "BIT Overflow"/ LFI
             -RC /WDTRC
 485   1            |(0<<0);                                           // Clear WDTIFR
 486   1        
 487   1        // LVR
 488   1        LVRIDR = 0x59;                                           // Id value to write data to the LVRCR register
 489   1        LVRCR = 0x01;                                            // LVR Disable
 490   1       
 491   1        // Amp
 492   1        AMPCR0 = 0x00
 493   1            |(0<<6)                                                         // If 0/1, Disable/Enable filter OP1OUT
             - for ADC
 494   1            |(0<<4)                                                         // If 0/1/2/3, Select No/AMP0/AMP1/"AMP
             -0/1" discharge channel
 495   1            |(0<<2)                                                         // If 0/1/2/3, Select discharge time du
             -ring Disable/100us/200us/300us
 496   1            |(AMP_AUTO_DIS<<1)                                              // If 0/1, AMP1 Always/"Auto disable af
             -ter ADC"
 497   1            |(AMP_AUTO_DIS<<0);                                             // If 0/1, AMP0 Always/"Auto disable af
             -ter ADC"
 498   1            
 499   1        AMPCR1 = 0x00
 500   1            |(0<<7)                                                       // If 0/1, Disable/Enable Amp1
 501   1            |(0<<4)                                                       // If 0/1/2/3/4/5/6/7, "Disable gain"/x1/
             -x2/x10/x15/x20/x30/x60
 502   1            |(0<<3)                                                       // If 0/1, Disable/Enable Amp0
 503   1            |(0<<0);                                                      // If 0/1/2/3, "Disable gain"/x5/x10/x20
 504   1            
 505   1        CHPCR = (0<<0);                                                         // If 0/1/2/3, 125/167/250/500 [k
             -Hz] chopper clock
 506   1        // ADC
 507   1        ADCCRH = 0x00
 508   1            |(0<<7)                                                         // Clear ADCIFR
 509   1            |(0<<3)                                                         // If 0/1, ADC Trigger Signal: ADST/"Ti
             -mer 0"
 510   1            |(0<<2)                                                         // If 0/1, ADC Data Align: MSB/LSB . 0 
             -= MSB
 511   1            |(0<<0);                                                        // If 0/1/2/3, 1/0.5/0.25/0.125 [MHz]
 512   1        ADCCRL = 0x00
 513   1            |(0<<7)                                                         // If 0/1, Disable/Enable ADC Module
 514   1            |(0<<6)                                                         // If 0/1, No/Start
 515   1            |(0<<5)                                                         // If 0/1, Reference VDD/AVREF
 516   1            |(0x6<<0);                                                      // sel. AN6
 517   1            //|(0xA<<0);                                                      // If 0/1////, AN0/AN1/////AMP1
 518   1        // USART
 519   1        USTBD = (unsigned char)(4000000/9600/16 - 1);            // 4MHz/(Baud Rate)/16 - 1
 520   1        USTCR1 = 0x00
 521   1            |(0<<6)                                           // If 0/1/2/3, UART/Synchronous/Reserved/SPI Mode
 522   1            |(0<<4)                                           // If 0/1/2/3, No/Reserved/Even/Odd Parity
 523   1            |(3<<1)                                           // If 0/1/2/3/7, 5/6/7/8/9-bit Data
 524   1            |(0<<0);                                          // If 0/1, TxD change @Rising/@Falling only SPI mode
 525   1        USTCR2 = 0x00
C51 COMPILER V9.54   MAIN                                                                  04/21/2026 18:38:49 PAGE 10  

 526   1            |(0<<7)                                           // If 0/1, Disable/Enable DRE Interrupt
 527   1            |(0<<6)                                           // If 0/1, Disable/Enable TXC Interrupt
 528   1            |(0<<5)                                           // If 0/1, Disable/Enable RXC Interrupt
 529   1            |(0<<4)                                           // If 0/1, Disable/Enable WAKE Interrupt
 530   1            |(0<<3)                                           // If 0/1, Disable/Enable Transmitter
 531   1            |(0<<2)                                           // If 0/1, Disable/Enable Receiver
 532   1            |(0<<1)                                           // If 0/1, Disable/Enable USART Block
 533   1            |(0<<0);                                          // If 0/1, Normal/Double Speed Operation
 534   1        USTCR3 = 0x00
 535   1            |(0<<7)                                           // If 0/1, Slave/Master in SPI or Synchronous mode
 536   1            |(0<<6)                                           // If 0/1, Normal/"Loop back" Operation
 537   1            |(0<<5)                                           // When synchronous mode only
 538   1            |(0<<4)                                           // If 0/1, Disable/Enable SS Pin
 539   1            |(0<<3)                                           // If 0/1, No/Exchange MOSI and MISO
 540   1            |(0<<2);                                          // If 0/1, 1/2 Stop bit
 541   1      
 542   1        // ICSx
 543   1        #ifdef CC_USE
              
                ICSCR = 0x00;                                            // If 0x00/0x05/0x0a, Disable/"Enable ICS0"/"Ena
             -ble ICS1"
                ICSDR0 = 0x06;                                           // If 0/1/.../15, abot 50 + 15 x data [mA]
                ICSDR1 = 0x06;                                           // If 0/1/.../15, abot 50 + 15 x data [mA]
                P0FSRH |= 0xF0;                     // P07 function set to ICS1, P06 function set to ICS0
                #else
 550   1        ICSCR = 0x00;                                            // If 0x00/0x05/0x0a, Disable/"Enable ICS0"/"Ena
             -ble ICS1"
 551   1        ICSDR0 = 0x00;                                           // If 0/1/.../15, abot 50 + 15 x data [mA]
 552   1        ICSDR1 = 0x00;                                           // If 0/1/.../15, abot 50 + 15 x data [mA]
 553   1        
 554   1        #endif
 555   1        // External Interrupt
 556   1        EIPOL0 = 0x00                                            // If 0x00/0x01/0x02/0x03, Disable/Rising/Fallin
             -g/Both
 557   1            |(0x00<<6)                                        // EINT3
 558   1            |(0x00<<4)                                        // EINT2
 559   1            |(0x00<<2)                                        // EINT1
 560   1            |(0x00<<0);                                       // EINT0
 561   1        EIPOL1 = 0x00                                            // If 0x00/0x01/0x02/0x03, Disable/Rising/Fallin
             -g/Both
 562   1            |(0x00<<4)                      // EINT12
 563   1            |(0x00<<2)                                        // EINT11
 564   1            |(0x00<<0);                                       // EINT10
 565   1        EIFLAG = 0x00;                                           // Clear all external interrupt flags
 566   1      
 567   1        // Initialize Interrupt Registers
 568   1        IP = 0x00;                                         // Priority level 0
 569   1        IP1 = 0x00;                                        // Priority level 0
 570   1        IE = 0x00
 571   1          |(0<<5)                                              // EINT11
 572   1          |(0<<4)                                              // EINT10
 573   1          |(0<<3)                                              // EINT3
 574   1          |(0<<2)                                              // EINT2
 575   1          |(0<<1)                                              // EINT1
 576   1          |(0<<0);                                             // EINT0
 577   1        IE1 = 0x00
 578   1          |(0<<5)                                              // EINT12 Interrupt
 579   1          |(0<<1)                                              // I2C Interrupt
 580   1          |(0<<0);                                             // ADC Interrupt
 581   1        IE2 = 0x00
 582   1          |(0<<5)                                              // USART Tx Interrupt
 583   1          |(0<<4)                                              // USART Rx Interrupt
C51 COMPILER V9.54   MAIN                                                                  04/21/2026 18:38:49 PAGE 11  

 584   1          |(0<<2)                                              // Timer 2 Interrupt
 585   1          |(0<<1)                                              // Timer 1 Interrupt
 586   1          |(0<<0);                                             // Timer 0 Interrupt
 587   1        IE3 = 0x00
 588   1          |(0<<4)                                              // BIT Interrupt
 589   1          |(0<<3);                                             // WDT Interrupt
 590   1      
 591   1      }
 592          
 593          
 594          ////////////////End  시스템 초기화  함수 //////////// 
 595          
 596          ////////////////Start  와치독  함수 //////////// 
 597          
 598          void BeforeStop(void)
 599          {
 600   1        
 601   1        OSCCR = 0x80;
 602   1        WDTCR = 0xA2;
 603   1        
 604   1        WDTDR = 2;              // entrance to every 0.192sec
 605   1        //WDTDR = 5;              // entrance to every 0.384sec
 606   1        //WDTDR = 7;              // entrance to every 0.512sec
 607   1        //WDTDR = 124;              // entrance to every 8sec
 608   1        
 609   1        //WDTCR = 0xA3;     // set WDT enable , clock source LFIRC, WDT interrupt
 610   1        //WDTCR = 0xA4;       // set WDT enable , clock source WDTRC
 611   1        
 612   1        IE3 |= 0x08;              // WDT interrupt enable 
 613   1        
 614   1      }
 615          
 616          void AfterStop(void)
 617          {
 618   1      
 619   1        IE3 &= ~(0x08);                     // WDT interrupt disable
 620   1        //WDTCR = 0x00;
 621   1        
 622   1        
 623   1      #ifdef SysClock_1MHZ  
                OSCCR = 0x08;                                            // System clock: 1MHz
              #else 
 626   1        OSCCR = 0x18;                                            // System clock: 4MHz
 627   1                                                                // If 0x00/0x08/0x10/0x18, 0.5MHz/1MHz/2MHz/4MHz
 628   1      #endif
 629   1        
 630   1      }
 631          
 632          void WD_Reset(void)
 633          {
 634   1        //WDTDR = 30;                       // entrance to every 2sec
 635   1        WDTDR = 2;                        // entrance to every 0.192sec
 636   1        //WDTCR = 0xA3;                     // set WDT enable , clock source LFIRC, WDT interrupt
 637   1        WDTCR = 0xE5;                     // set WDT enable , clock source WDTRC, WDT interrupt
 638   1        IE3 |= 0x08;                      // WDT interrupt enable 
 639   1        
 640   1      }
 641          
 642          ////////////////End  와치독  함수 //////////// 
 643          
 644          ////////////////Start  ADC  함수 //////////// 
 645          
C51 COMPILER V9.54   MAIN                                                                  04/21/2026 18:38:49 PAGE 12  

 646          /**********************************************************************
 647           * @brief   Data_Avr
 648           * @param     None
 649           * @return  None
 650           **********************************************************************/
 651          // 평균 값 계산 함수 
 652          uint16_t Data_Avr(uint16_t *adc_data, uint8_t count){
 653   1        
 654   1        uint32_t temp = 0;
 655   1        uint8_t i;
 656   1        
 657   1        for(i=0; i<count ; i++){
 658   2          temp = temp + adc_data[i];
 659   2        }
 660   1        
 661   1        temp = (uint16_t)(temp / count);
 662   1        
 663   1        return temp;
 664   1        
 665   1      }
 666          
 667          
 668          /**********************************************************************
 669           * @brief   TEMP_ADC
 670           * @param     None
 671           * @return  None
 672           **********************************************************************/
 673          
 674          uint16_t TEMP_ADC(void)
 675          {
 676   1        int Temp_adc_data= 0;
 677   1        
 678   1        
 679   1        
 680   1        P0FSRL  = 0
 681   1          | ( 2 << 6)       //P03     // 0 : I/O, 1 : OP0OUT,   2 : AN3,      3 : Not used          // SENSING IN ADC 
 682   1          | ( 2 << 4)       //P02     // 0 : I/O, 1 : OP1P,   2 : AN2,      3 : Not used          // 
 683   1          | ( 2<< 2)       //P10     // 0 : I/O (EINT1),  1 : OP1N,  2 : AN1, 3 : Not used        // BAT_ADC
 684   1          | ( 0 << 0);      //P00     // 0 : I/O (EINT0), 1 : OP1OUT,   2 : AN0,  3 : Not used      // C_VDD
 685   1        
 686   1        OP0_Enable(FALSE);
 687   1        OP1_Enable(FALSE);
 688   1        LDO_ON;
 689   1        ADC_Initial(ADC_CLK_1M, ADC_SW_TRIG, ADC_LDO_REF, ADC_LSB);
 690   1        ADC_SelectChannel(ADC_CH3);
 691   1        
 692   1        Delay_ms(1);
 693   1        
 694   1        ADC_GetDataWithPolling(ADC_temp_data, ADC_MAX_BUFFER_SIZE);
 695   1        
 696   1        LDO_OFF;
 697   1      
 698   1        Temp_adc_data = Data_Avr(ADC_temp_data, ADC_MAX_BUFFER_SIZE);
 699   1        
 700   1        return Temp_adc_data;
 701   1        
 702   1      }
 703          /*
 704          **********************************************************************
 705           * @brief   BAT_ADC
 706           * @param     None
 707           * @return  None
C51 COMPILER V9.54   MAIN                                                                  04/21/2026 18:38:49 PAGE 13  

 708           **********************************************************************/
 709          
 710          uint16_t BAT_ADC(void){
 711   1        
 712   1        uint16_t Bat_ADC;
 713   1        
 714   1        uint32_t op;
 715   1        
 716   1        P0FSRL  = 0
 717   1          | ( 1 << 6)       //P03     // 0 : I/O, 1 : OP0OUT,   2 : AN3,      3 : Not used          // SENSING IN ADC 
 718   1          | ( 1 << 4)       //P02     // 0 : I/O, 1 : OP1P,   2 : AN2,      3 : Not used          // 
 719   1          | ( 1<< 2)       //P10     // 0 : I/O (EINT1),  1 : OP1N,  2 : AN1, 3 : Not used        // BAT_ADC
 720   1          | ( 0 << 0);      //P00     // 0 : I/O (EINT0), 1 : OP1OUT,   2 : AN0,  3 : Not used      // C_VDD
 721   1        
 722   1      
 723   1        ADC_Initial(ADC_CLK_1M, ADC_SW_TRIG, ADC_INTERNAL_REF, ADC_LSB);    
 724   1        ADC_SelectChannel(ADC_VBGR);
 725   1      
 726   1        Delay_ms(1);
 727   1        
 728   1        ADC_GetDataWithPolling(ADC_temp_data, ADC_MAX_BUFFER_SIZE);
 729   1        
 730   1        op=92;
 731   1        op*=1024;
 732   1        op/= Data_Avr(ADC_temp_data, ADC_MAX_BUFFER_SIZE);
 733   1        Bat_ADC=op;
 734   1        
 735   1        return Bat_ADC;
 736   1      }
 737          
 738          /**********************************************************************
 739           * @brief   Dust_ADC
 740           * @param     None
 741           * @return  None
 742           **********************************************************************/
 743          
 744          uint16_t Dust_ADC_1AMP(void)
 745          {
 746   1        
 747   1        int Dust_adc_data= 0;
 748   1        uint32_t op;
 749   1        
 750   1        
 751   1        P0FSRL  = 0
 752   1          | ( 1 << 6)       //P03     // 0 : I/O, 1 : OP0OUT,   2 : AN3,      3 : Not used          // SENSING IN ADC 
 753   1          | ( 1 << 4)       //P02     // 0 : I/O, 1 : OP1P,   2 : AN2,      3 : Not used          // 
 754   1          | ( 2<< 2)       //P10     // 0 : I/O (EINT1),  1 : OP1N,  2 : AN1, 3 : Not used        // BAT_ADC
 755   1          | ( 1 << 0);      //P00     // 0 : I/O (EINT0), 1 : OP1OUT,   2 : AN0,  3 : Not used      // C_VDD
 756   1        
 757   1        OPAMP_Initial(GAIN1_DIS, GAIN0_DIS, chp_125KHz);
 758   1        OP0_Enable(TRUE);
 759   1        OP1_Enable(FALSE);
 760   1      
 761   1        ADC_Initial(ADC_CLK_1M, ADC_SW_TRIG, ADC_INTERNAL_REF, ADC_LSB);  
 762   1        
 763   1        ADC_SelectChannel(ADC_VBGR);
 764   1        
 765   1        Delay_ms(1);
 766   1        
 767   1        ADC_GetDataWithPolling(ADC_temp_data, ADC_MAX_BUFFER_SIZE);
 768   1        
 769   1        if(ADC_temp_data[buf_cnt/2] == 0) ADC_temp_data[buf_cnt/2] = 1;
C51 COMPILER V9.54   MAIN                                                                  04/21/2026 18:38:49 PAGE 14  

*** ERROR C202 IN LINE 769 OF src\main.c: 'buf_cnt': undefined identifier
*** ERROR C202 IN LINE 769 OF src\main.c: 'buf_cnt': undefined identifier
 770   1        op=92;
 771   1        op*=1024;
 772   1        op/=Data_Avr(ADC_temp_data, ADC_MAX_BUFFER_SIZE);
 773   1        ADC1_Bat_Val=op;
 774   1      
 775   1        LDO_ON;
 776   1        ADC_SelectChannel(ADC_OP0OUT);
 777   1        Delay_ms(1);
 778   1        
 779   1        ADC_GetDataWithPolling(ADC_temp_data, ADC_MAX_BUFFER_SIZE);
 780   1        LDO_OFF;
 781   1        
 782   1        op=ADC1_Bat_Val;
 783   1        op *=Data_Avr(ADC_temp_data, ADC_MAX_BUFFER_SIZE);
 784   1        op/=1024;
 785   1        ADC1_On_Dust_Val=op;
 786   1        
 787   1        //led off 시 센서값 읽기;
 788   1        ADC_Initial(ADC_CLK_1M, ADC_SW_TRIG, ADC_INTERNAL_REF, ADC_LSB);  
 789   1        ADC_SelectChannel(ADC_OP0OUT);
 790   1        Delay_ms(1);
 791   1        
 792   1        ADC_GetDataWithPolling(ADC_temp_data, ADC_MAX_BUFFER_SIZE);
 793   1        
 794   1        op=ADC1_Bat_Val;
 795   1        op *=Data_Avr(ADC_temp_data, ADC_MAX_BUFFER_SIZE);
 796   1        op/=1024;
 797   1        ADC1_Off_Dust_Val=op;
 798   1        
 799   1        Dust_adc_data = ADC1_On_Dust_Val - ADC1_Off_Dust_Val;
 800   1        
 801   1        return Dust_adc_data;
 802   1        
 803   1      }
 804          
 805          
 806          ////////////////End  ADC  함수 //////////// 
 807          
 808          ////////////////Start  UART  함수 //////////// 
 809          
 810          
 811          void Uart_Out(void){
 812   1      
 813   1        Port_SetAlterFunctionpin(PORT1, PIN2, 0x1);
 814   1                  
 815   1        USART_Initial(9600, USART_DATA_8BIT, USART_STOP_1BIT, USART_PARITY_NO, USART_TX_RX_MODE);
 816   1        
 817   1        if(ADC_mode == Dust_mode){
 818   2          
 819   2          if(visual_type == 1){
 820   3            USART_SendDataWithPolling(&Visu_MODE, 10);
 821   3            USART_SendDataWithPolling(&Tab, 4);
 822   3          }
 823   2          else{
 824   3            USART_SendDataWithPolling(&Dust_MODE, 10);
 825   3            USART_SendDataWithPolling(&Tab, 4);
 826   3          }
 827   2        }
 828   1        else if(ADC_mode == Temp_mode){
 829   2          
C51 COMPILER V9.54   MAIN                                                                  04/21/2026 18:38:49 PAGE 15  

 830   2          USART_SendDataWithPolling(&Temp_MODE, 10);
 831   2          USART_SendDataWithPolling(&Tab, 4);
 832   2        }
 833   1        
 834   1        USART_SendDataWithPolling(&End, 4);
 835   1        
 836   1        Port_SetAlterFunctionpin(PORT1, PIN2, 0);
 837   1      }
 838          
 839          void Uart_Out_Int(uint32_t Value){
 840   1      
 841   1        uint8_t int_val ,tmp;
 842   1        
 843   1        int_val = Value / 1000 + 48;
 844   1        USART_SendDataWithPolling(&int_val, 1);
 845   1        tmp= Value % 1000 ;
 846   1        int_val = (tmp/ 100 )+ 48;
 847   1        USART_SendDataWithPolling(&int_val, 1);
 848   1        tmp= Value % 100 ;
 849   1        int_val = (tmp/ 10 )+ 48;
 850   1        USART_SendDataWithPolling(&int_val, 1);
 851   1        tmp= Value % 10 ;
 852   1        int_val = (tmp/ 1) + 48;
 853   1        USART_SendDataWithPolling(&int_val, 1);
 854   1      }
 855          ////////////////End  UART  함수 //////////// 

C51 COMPILATION COMPLETE.  0 WARNING(S),  2 ERROR(S)
